# JRE version: OpenJDK Runtime Environment (8.0_152-b01) (build 1.8.0_152-release-1024-b01)
# Java VM: OpenJDK 64-Bit Server VM (25.152-b01 mixed mode linux-amd64 compressed oops)
Heap:
 PSYoungGen      total 242176K, used 27125K [0x00000000e0000000, 0x00000000f0780000, 0x0000000100000000)
  eden space 215040K, 0% used [0x00000000e0000000,0x00000000e0000000,0x00000000ed200000)
  from space 27136K, 99% used [0x00000000ed200000,0x00000000eec7d690,0x00000000eec80000)
  to   space 23552K, 0% used [0x00000000eec80000,0x00000000eec80000,0x00000000f0380000)
 ParOldGen       total 105984K, used 44208K [0x00000000a0000000, 0x00000000a6780000, 0x00000000e0000000)
  object space 105984K, 41% used [0x00000000a0000000,0x00000000a2b2c298,0x00000000a6780000)
 Metaspace       used 74396K, capacity 76952K, committed 77184K, reserved 1116160K
  class space    used 9760K, capacity 10358K, committed 10368K, reserved 1048576K
GC Heap History (10 events):
Event: 56.595 GC heap after
Heap after GC invocations=15 (full 2):
 PSYoungGen      total 140800K, used 16372K [0x00000000e0000000, 0x00000000eb700000, 0x0000000100000000)
  eden space 124416K, 0% used [0x00000000e0000000,0x00000000e0000000,0x00000000e7980000)
  from space 16384K, 99% used [0x00000000e7980000,0x00000000e897d060,0x00000000e8980000)
  to   space 20992K, 0% used [0x00000000ea280000,0x00000000ea280000,0x00000000eb700000)
 ParOldGen       total 88576K, used 27660K [0x00000000a0000000, 0x00000000a5680000, 0x00000000e0000000)
  object space 88576K, 31% used [0x00000000a0000000,0x00000000a1b03070,0x00000000a5680000)
 Metaspace       used 57315K, capacity 58882K, committed 59008K, reserved 1099776K
  class space    used 7607K, capacity 8024K, committed 8064K, reserved 1048576K
}
Event: 56.626 GC heap before
{Heap before GC invocations=16 (full 2):
 PSYoungGen      total 140800K, used 18460K [0x00000000e0000000, 0x00000000eb700000, 0x0000000100000000)
  eden space 124416K, 1% used [0x00000000e0000000,0x00000000e020a058,0x00000000e7980000)
  from space 16384K, 99% used [0x00000000e7980000,0x00000000e897d060,0x00000000e8980000)
  to   space 20992K, 0% used [0x00000000ea280000,0x00000000ea280000,0x00000000eb700000)
 ParOldGen       total 88576K, used 27660K [0x00000000a0000000, 0x00000000a5680000, 0x00000000e0000000)
  object space 88576K, 31% used [0x00000000a0000000,0x00000000a1b03070,0x00000000a5680000)
 Metaspace       used 57423K, capacity 59019K, committed 59028K, reserved 1099776K
  class space    used 7626K, capacity 8064K, committed 8064K, reserved 1048576K
Event: 56.660 GC heap after
Heap after GC invocations=16 (full 2):
 PSYoungGen      total 164864K, used 15266K [0x00000000e0000000, 0x00000000ee480000, 0x0000000100000000)
  eden space 143872K, 0% used [0x00000000e0000000,0x00000000e0000000,0x00000000e8c80000)
  from space 20992K, 72% used [0x00000000ea280000,0x00000000eb168870,0x00000000eb700000)
  to   space 22528K, 0% used [0x00000000e8c80000,0x00000000e8c80000,0x00000000ea280000)
 ParOldGen       total 88576K, used 27668K [0x00000000a0000000, 0x00000000a5680000, 0x00000000e0000000)
  object space 88576K, 31% used [0x00000000a0000000,0x00000000a1b05070,0x00000000a5680000)
 Metaspace       used 57423K, capacity 59019K, committed 59028K, reserved 1099776K
  class space    used 7626K, capacity 8064K, committed 8064K, reserved 1048576K
}
Event: 56.660 GC heap before
{Heap before GC invocations=17 (full 3):
 PSYoungGen      total 164864K, used 15266K [0x00000000e0000000, 0x00000000ee480000, 0x0000000100000000)
  eden space 143872K, 0% used [0x00000000e0000000,0x00000000e0000000,0x00000000e8c80000)
  from space 20992K, 72% used [0x00000000ea280000,0x00000000eb168870,0x00000000eb700000)
  to   space 22528K, 0% used [0x00000000e8c80000,0x00000000e8c80000,0x00000000ea280000)
 ParOldGen       total 88576K, used 27668K [0x00000000a0000000, 0x00000000a5680000, 0x00000000e0000000)
  object space 88576K, 31% used [0x00000000a0000000,0x00000000a1b05070,0x00000000a5680000)
 Metaspace       used 57423K, capacity 59019K, committed 59028K, reserved 1099776K
  class space    used 7626K, capacity 8064K, committed 8064K, reserved 1048576K
Event: 56.971 GC heap after
Heap after GC invocations=17 (full 3):
 PSYoungGen      total 164864K, used 0K [0x00000000e0000000, 0x00000000ee480000, 0x0000000100000000)
  eden space 143872K, 0% used [0x00000000e0000000,0x00000000e0000000,0x00000000e8c80000)
  from space 20992K, 0% used [0x00000000ea280000,0x00000000ea280000,0x00000000eb700000)
  to   space 22528K, 0% used [0x00000000e8c80000,0x00000000e8c80000,0x00000000ea280000)
 ParOldGen       total 105984K, used 30462K [0x00000000a0000000, 0x00000000a6780000, 0x00000000e0000000)
  object space 105984K, 28% used [0x00000000a0000000,0x00000000a1dbf8a0,0x00000000a6780000)
 Metaspace       used 57384K, capacity 58913K, committed 59028K, reserved 1099776K
  class space    used 7614K, capacity 8050K, committed 8064K, reserved 1048576K
}
Event: 59.553 GC heap before
{Heap before GC invocations=18 (full 3):
 PSYoungGen      total 164864K, used 143872K [0x00000000e0000000, 0x00000000ee480000, 0x0000000100000000)
  eden space 143872K, 100% used [0x00000000e0000000,0x00000000e8c80000,0x00000000e8c80000)
  from space 20992K, 0% used [0x00000000ea280000,0x00000000ea280000,0x00000000eb700000)
  to   space 22528K, 0% used [0x00000000e8c80000,0x00000000e8c80000,0x00000000ea280000)
 ParOldGen       total 105984K, used 30462K [0x00000000a0000000, 0x00000000a6780000, 0x00000000e0000000)
  object space 105984K, 28% used [0x00000000a0000000,0x00000000a1dbf8a0,0x00000000a6780000)
 Metaspace       used 62209K, capacity 64155K, committed 64512K, reserved 1105920K
  class space    used 8378K, capacity 8844K, committed 8960K, reserved 1048576K
Event: 59.640 GC heap after
Heap after GC invocations=18 (full 3):
 PSYoungGen      total 166400K, used 16033K [0x00000000e0000000, 0x00000000f0380000, 0x0000000100000000)
  eden space 143872K, 0% used [0x00000000e0000000,0x00000000e0000000,0x00000000e8c80000)
  from space 22528K, 71% used [0x00000000e8c80000,0x00000000e9c28440,0x00000000ea280000)
  to   space 23552K, 0% used [0x00000000eec80000,0x00000000eec80000,0x00000000f0380000)
 ParOldGen       total 105984K, used 30470K [0x00000000a0000000, 0x00000000a6780000, 0x00000000e0000000)
  object space 105984K, 28% used [0x00000000a0000000,0x00000000a1dc18a0,0x00000000a6780000)
 Metaspace       used 62209K, capacity 64155K, committed 64512K, reserved 1105920K
  class space    used 8378K, capacity 8844K, committed 8960K, reserved 1048576K
}
Event: 83.413 GC heap before
{Heap before GC invocations=19 (full 3):
 PSYoungGen      total 166400K, used 159905K [0x00000000e0000000, 0x00000000f0380000, 0x0000000100000000)
  eden space 143872K, 100% used [0x00000000e0000000,0x00000000e8c80000,0x00000000e8c80000)
  from space 22528K, 71% used [0x00000000e8c80000,0x00000000e9c28440,0x00000000ea280000)
  to   space 23552K, 0% used [0x00000000eec80000,0x00000000eec80000,0x00000000f0380000)
 ParOldGen       total 105984K, used 30470K [0x00000000a0000000, 0x00000000a6780000, 0x00000000e0000000)
  object space 105984K, 28% used [0x00000000a0000000,0x00000000a1dc18a0,0x00000000a6780000)
 Metaspace       used 65482K, capacity 67325K, committed 67456K, reserved 1107968K
  class space    used 8795K, capacity 9287K, committed 9344K, reserved 1048576K
Event: 83.452 GC heap after
Heap after GC invocations=19 (full 3):
 PSYoungGen      total 238592K, used 23285K [0x00000000e0000000, 0x00000000f0780000, 0x0000000100000000)
  eden space 215040K, 0% used [0x00000000e0000000,0x00000000e0000000,0x00000000ed200000)
  from space 23552K, 98% used [0x00000000eec80000,0x00000000f033d4a0,0x00000000f0380000)
  to   space 27136K, 0% used [0x00000000ed200000,0x00000000ed200000,0x00000000eec80000)
 ParOldGen       total 105984K, used 30478K [0x00000000a0000000, 0x00000000a6780000, 0x00000000e0000000)
  object space 105984K, 28% used [0x00000000a0000000,0x00000000a1dc38a0,0x00000000a6780000)
 Metaspace       used 65482K, capacity 67325K, committed 67456K, reserved 1107968K
  class space    used 8795K, capacity 9287K, committed 9344K, reserved 1048576K
}
Event: 124.367 GC heap before
{Heap before GC invocations=20 (full 3):
 PSYoungGen      total 238592K, used 238325K [0x00000000e0000000, 0x00000000f0780000, 0x0000000100000000)
  eden space 215040K, 100% used [0x00000000e0000000,0x00000000ed200000,0x00000000ed200000)
  from space 23552K, 98% used [0x00000000eec80000,0x00000000f033d4a0,0x00000000f0380000)
  to   space 27136K, 0% used [0x00000000ed200000,0x00000000ed200000,0x00000000eec80000)
 ParOldGen       total 105984K, used 30478K [0x00000000a0000000, 0x00000000a6780000, 0x00000000e0000000)
  object space 105984K, 28% used [0x00000000a0000000,0x00000000a1dc38a0,0x00000000a6780000)
 Metaspace       used 74396K, capacity 76952K, committed 77184K, reserved 1116160K
  class space    used 9760K, capacity 10358K, committed 10368K, reserved 1048576K

